<?xml version="1.0" encoding="UTF-8"?>
<testsuite xmlns:xsi="http://www.w3.org/2001/XMLSchema-instance" xsi:noNamespaceSchemaLocation="https://maven.apache.org/surefire/maven-surefire-plugin/xsd/surefire-test-report.xsd" name="ValidatorTest" time="0.326" tests="4" errors="0" skipped="0" failures="0">
  <properties>
[...]
</properties>
  <testcase name="checkTransform[1]" classname="ValidatorTest" time="0.012"/>
  <testcase name="checkValid{String}[1]" classname="ValidatorTest" time="0.243"/>
  <testcase name="checkNotValid{String}[1]" classname="ValidatorTest" time="0.016"/>
  <testcase name="checkNonExistingDocuments{String}[1]" classname="ValidatorTest" time="0.002"/>
</testsuite>